<?xml version="1.0" encoding="UTF-8"?>
<!-- Generated by org.testng.reporters.JUnitReportReporter -->
<testsuite hostname="Bat-Computer" failures="0" tests="5" name="com.test.DataDrivenTestDemo" time="22.036" errors="0" timestamp="2026-04-28T12:01:54 IST" skipped="0">
  <testcase classname="com.test.DataDrivenTestDemo" name="Login" time="4.957"/>
  <testcase classname="com.test.DataDrivenTestDemo" name="WrongLoginUser" time="4.462"/>
  <testcase classname="com.test.DataDrivenTestDemo" name="invalidSearch" time="4.980"/>
  <testcase classname="com.test.DataDrivenTestDemo" name="validSearch" time="3.025"/>
  <testcase classname="com.test.DataDrivenTestDemo" name="WrongLoginUser" time="4.612"/>
</testsuite> <!-- com.test.DataDrivenTestDemo -->
