<?xml version="1.0" encoding="UTF-8"?>
<testng-results ignored="0" total="3" passed="3" failed="0" skipped="0">
  <reporter-output>
  </reporter-output>
  <suite started-at="2026-04-17T16:25:52 IST" name="Default suite" finished-at="2026-04-17T16:26:04 IST" duration-ms="11504">
    <groups>
      <group name="GroupA">
        <method signature="SoftAssertionDemo.Login()[pri:0, instance:com.test.SoftAssertionDemo@7a69b07]" name="Login" class="com.test.SoftAssertionDemo"/>
      </group> <!-- GroupA -->
      <group name="GroupB">
        <method signature="SoftAssertionDemo.WrongLoginPassword()[pri:0, instance:com.test.SoftAssertionDemo@7a69b07]" name="WrongLoginPassword" class="com.test.SoftAssertionDemo"/>
        <method signature="SoftAssertionDemo.WrongLoginUser()[pri:0, instance:com.test.SoftAssertionDemo@7a69b07]" name="WrongLoginUser" class="com.test.SoftAssertionDemo"/>
      </group> <!-- GroupB -->
    </groups>
    <test started-at="2026-04-17T16:25:52 IST" name="Default test" finished-at="2026-04-17T16:26:04 IST" duration-ms="11504">
      <class name="com.test.SoftAssertionDemo">
        <test-method is-config="true" signature="beforeTest()[pri:0, instance:com.test.SoftAssertionDemo@7a69b07]" started-at="2026-04-17T16:25:52 IST" name="beforeTest" finished-at="2026-04-17T16:25:55 IST" duration-ms="2247" status="PASS">
          <reporter-output>
          </reporter-output>
        </test-method> <!-- beforeTest -->
        <test-method signature="Login()[pri:0, instance:com.test.SoftAssertionDemo@7a69b07]" started-at="2026-04-17T16:25:55 IST" name="Login" finished-at="2026-04-17T16:25:57 IST" duration-ms="2092" status="PASS">
          <reporter-output>
          </reporter-output>
        </test-method> <!-- Login -->
        <test-method is-config="true" signature="afterTest()[pri:0, instance:com.test.SoftAssertionDemo@7a69b07]" started-at="2026-04-17T16:25:57 IST" name="afterTest" finished-at="2026-04-17T16:25:57 IST" duration-ms="199" status="PASS">
          <reporter-output>
          </reporter-output>
        </test-method> <!-- afterTest -->
        <test-method is-config="true" signature="beforeTest()[pri:0, instance:com.test.SoftAssertionDemo@7a69b07]" started-at="2026-04-17T16:25:57 IST" name="beforeTest" finished-at="2026-04-17T16:25:59 IST" duration-ms="1997" status="PASS">
          <reporter-output>
          </reporter-output>
        </test-method> <!-- beforeTest -->
        <test-method signature="WrongLoginPassword()[pri:0, instance:com.test.SoftAssertionDemo@7a69b07]" started-at="2026-04-17T16:25:59 IST" name="WrongLoginPassword" finished-at="2026-04-17T16:26:00 IST" duration-ms="1433" status="PASS">
          <reporter-output>
          </reporter-output>
        </test-method> <!-- WrongLoginPassword -->
        <test-method is-config="true" signature="afterTest()[pri:0, instance:com.test.SoftAssertionDemo@7a69b07]" started-at="2026-04-17T16:26:00 IST" name="afterTest" finished-at="2026-04-17T16:26:01 IST" duration-ms="176" status="PASS">
          <reporter-output>
          </reporter-output>
        </test-method> <!-- afterTest -->
        <test-method is-config="true" signature="beforeTest()[pri:0, instance:com.test.SoftAssertionDemo@7a69b07]" started-at="2026-04-17T16:26:01 IST" name="beforeTest" finished-at="2026-04-17T16:26:02 IST" duration-ms="1708" status="PASS">
          <reporter-output>
          </reporter-output>
        </test-method> <!-- beforeTest -->
        <test-method signature="WrongLoginUser()[pri:0, instance:com.test.SoftAssertionDemo@7a69b07]" started-at="2026-04-17T16:26:02 IST" name="WrongLoginUser" finished-at="2026-04-17T16:26:04 IST" duration-ms="1432" status="PASS">
          <reporter-output>
          </reporter-output>
        </test-method> <!-- WrongLoginUser -->
        <test-method is-config="true" signature="afterTest()[pri:0, instance:com.test.SoftAssertionDemo@7a69b07]" started-at="2026-04-17T16:26:04 IST" name="afterTest" finished-at="2026-04-17T16:26:04 IST" duration-ms="177" status="PASS">
          <reporter-output>
          </reporter-output>
        </test-method> <!-- afterTest -->
      </class> <!-- com.test.SoftAssertionDemo -->
    </test> <!-- Default test -->
  </suite> <!-- Default suite -->
</testng-results>
