<?xml version="1.0" encoding="UTF-8"?>
<testng-results ignored="1" total="2" passed="1" failed="0" skipped="0">
  <reporter-output>
  </reporter-output>
  <suite started-at="2026-06-17T12:26:21 IST" name="Default suite" finished-at="2026-06-17T12:26:23 IST" duration-ms="2287">
    <groups>
    </groups>
    <test started-at="2026-06-17T12:26:21 IST" name="Default test" finished-at="2026-06-17T12:26:23 IST" duration-ms="2287">
      <class name="com.test.LoginTest">
        <test-method signature="invalidLogin()[pri:0, instance:com.test.LoginTest@39529185]" started-at="2026-06-17T12:26:21 IST" name="invalidLogin" finished-at="2026-06-17T12:26:23 IST" duration-ms="2255" status="PASS">
          <reporter-output>
          </reporter-output>
        </test-method> <!-- invalidLogin -->
      </class> <!-- com.test.LoginTest -->
    </test> <!-- Default test -->
  </suite> <!-- Default suite -->
</testng-results>
