<?xml version="1.0" encoding="UTF-8"?>
<testng-results ignored="0" total="6" passed="6" failed="0" skipped="0">
  <reporter-output>
  </reporter-output>
  <suite started-at="2026-05-10T21:52:48 IST" name="Suite" finished-at="2026-05-10T21:53:16 IST" duration-ms="28544">
    <groups>
    </groups>
    <test started-at="2026-05-10T21:52:48 IST" name="Test" finished-at="2026-05-10T21:53:16 IST" duration-ms="28544">
      <class name="com.test.DashboardTest">
        <test-method is-config="true" signature="setup()[pri:0, instance:com.test.DashboardTest@2ef3eef9]" started-at="2026-05-10T21:52:48 IST" name="setup" finished-at="2026-05-10T21:53:02 IST" duration-ms="14337" status="PASS">
          <reporter-output>
          </reporter-output>
        </test-method> <!-- setup -->
        <test-method signature="dashboardTest()[pri:0, instance:com.test.DashboardTest@2ef3eef9]" started-at="2026-05-10T21:53:02 IST" name="dashboardTest" finished-at="2026-05-10T21:53:05 IST" duration-ms="3023" status="PASS">
          <reporter-output>
          </reporter-output>
        </test-method> <!-- dashboardTest -->
        <test-method is-config="true" signature="teardown()[pri:0, instance:com.test.DashboardTest@2ef3eef9]" started-at="2026-05-10T21:53:05 IST" name="teardown" finished-at="2026-05-10T21:53:07 IST" duration-ms="1909" status="PASS">
          <reporter-output>
          </reporter-output>
        </test-method> <!-- teardown -->
      </class> <!-- com.test.DashboardTest -->
      <class name="com.test.LoginTest">
        <test-method is-config="true" signature="setup()[pri:0, instance:com.test.LoginTest@71809907]" started-at="2026-05-10T21:52:48 IST" name="setup" finished-at="2026-05-10T21:53:03 IST" duration-ms="15128" status="PASS">
          <reporter-output>
          </reporter-output>
        </test-method> <!-- setup -->
        <test-method is-config="true" signature="setup()[pri:0, instance:com.test.LoginTest@71809907]" started-at="2026-05-10T21:52:48 IST" name="setup" finished-at="2026-05-10T21:53:01 IST" duration-ms="12457" status="PASS">
          <reporter-output>
          </reporter-output>
        </test-method> <!-- setup -->
        <test-method is-config="true" signature="setup()[pri:0, instance:com.test.LoginTest@71809907]" started-at="2026-05-10T21:52:48 IST" name="setup" finished-at="2026-05-10T21:53:01 IST" duration-ms="13080" status="PASS">
          <reporter-output>
          </reporter-output>
        </test-method> <!-- setup -->
        <test-method signature="invalidLoginTest(java.lang.String,java.lang.String)[pri:0, instance:com.test.LoginTest@71809907]" started-at="2026-05-10T21:53:01 IST" name="invalidLoginTest" data-provider="invalidDataSet" finished-at="2026-05-10T21:53:03 IST" duration-ms="2675" status="PASS">
          <params>
            <param index="0">
              <value>
                <![CDATA[admin]]>
              </value>
            </param>
            <param index="1">
              <value>
                <![CDATA[admin123]]>
              </value>
            </param>
          </params>
          <reporter-output>
          </reporter-output>
        </test-method> <!-- invalidLoginTest -->
        <test-method signature="validLoginTest(java.lang.String,java.lang.String)[pri:0, instance:com.test.LoginTest@71809907]" started-at="2026-05-10T21:53:01 IST" name="validLoginTest" data-provider="validDataSet" finished-at="2026-05-10T21:53:05 IST" duration-ms="3366" status="PASS">
          <params>
            <param index="0">
              <value>
                <![CDATA[Admin]]>
              </value>
            </param>
            <param index="1">
              <value>
                <![CDATA[admin123]]>
              </value>
            </param>
          </params>
          <reporter-output>
          </reporter-output>
        </test-method> <!-- validLoginTest -->
        <test-method signature="loginTest()[pri:0, instance:com.test.LoginTest@71809907]" started-at="2026-05-10T21:53:03 IST" name="loginTest" finished-at="2026-05-10T21:53:03 IST" duration-ms="666" status="PASS">
          <reporter-output>
          </reporter-output>
        </test-method> <!-- loginTest -->
        <test-method is-config="true" signature="teardown()[pri:0, instance:com.test.LoginTest@71809907]" started-at="2026-05-10T21:53:03 IST" name="teardown" finished-at="2026-05-10T21:53:05 IST" duration-ms="1279" status="PASS">
          <reporter-output>
          </reporter-output>
        </test-method> <!-- teardown -->
        <test-method is-config="true" signature="teardown()[pri:0, instance:com.test.LoginTest@71809907]" started-at="2026-05-10T21:53:03 IST" name="teardown" finished-at="2026-05-10T21:53:04 IST" duration-ms="683" status="PASS">
          <reporter-output>
          </reporter-output>
        </test-method> <!-- teardown -->
        <test-method is-config="true" signature="setup()[pri:0, instance:com.test.LoginTest@71809907]" started-at="2026-05-10T21:53:04 IST" name="setup" finished-at="2026-05-10T21:53:09 IST" duration-ms="4961" status="PASS">
          <reporter-output>
          </reporter-output>
        </test-method> <!-- setup -->
        <test-method is-config="true" signature="teardown()[pri:0, instance:com.test.LoginTest@71809907]" started-at="2026-05-10T21:53:05 IST" name="teardown" finished-at="2026-05-10T21:53:07 IST" duration-ms="2306" status="PASS">
          <reporter-output>
          </reporter-output>
        </test-method> <!-- teardown -->
        <test-method signature="invalidLoginTest(java.lang.String,java.lang.String)[pri:0, instance:com.test.LoginTest@71809907]" started-at="2026-05-10T21:53:09 IST" name="invalidLoginTest" data-provider="invalidDataSet" finished-at="2026-05-10T21:53:10 IST" duration-ms="1025" status="PASS">
          <params>
            <param index="0">
              <value>
                <![CDATA[]]>
              </value>
            </param>
            <param index="1">
              <value>
                <![CDATA[admin124]]>
              </value>
            </param>
          </params>
          <reporter-output>
          </reporter-output>
        </test-method> <!-- invalidLoginTest -->
        <test-method is-config="true" signature="teardown()[pri:0, instance:com.test.LoginTest@71809907]" started-at="2026-05-10T21:53:10 IST" name="teardown" finished-at="2026-05-10T21:53:11 IST" duration-ms="370" status="PASS">
          <reporter-output>
          </reporter-output>
        </test-method> <!-- teardown -->
        <test-method is-config="true" signature="setup()[pri:0, instance:com.test.LoginTest@71809907]" started-at="2026-05-10T21:53:11 IST" name="setup" finished-at="2026-05-10T21:53:15 IST" duration-ms="4484" status="PASS">
          <reporter-output>
          </reporter-output>
        </test-method> <!-- setup -->
        <test-method signature="invalidLoginTest(java.lang.String,java.lang.String)[pri:0, instance:com.test.LoginTest@71809907]" started-at="2026-05-10T21:53:15 IST" name="invalidLoginTest" data-provider="invalidDataSet" finished-at="2026-05-10T21:53:16 IST" duration-ms="882" status="PASS">
          <params>
            <param index="0">
              <value>
                <![CDATA[admin]]>
              </value>
            </param>
            <param index="1">
              <value>
                <![CDATA[]]>
              </value>
            </param>
          </params>
          <reporter-output>
          </reporter-output>
        </test-method> <!-- invalidLoginTest -->
        <test-method is-config="true" signature="teardown()[pri:0, instance:com.test.LoginTest@71809907]" started-at="2026-05-10T21:53:16 IST" name="teardown" finished-at="2026-05-10T21:53:16 IST" duration-ms="214" status="PASS">
          <reporter-output>
          </reporter-output>
        </test-method> <!-- teardown -->
      </class> <!-- com.test.LoginTest -->
    </test> <!-- Test -->
  </suite> <!-- Suite -->
</testng-results>
