<?xml version="1.0" encoding="UTF-8"?>
<!-- Generated by org.testng.reporters.JUnitXMLReporter -->
<testsuite ignored="0" hostname="Bat-Computer" failures="0" tests="3" name="Default test" time="11.504" errors="0" timestamp="2026-04-17T16:26:04 IST">
  <testcase classname="com.test.SoftAssertionDemo" name="Login" time="2.092"/>
  <testcase classname="com.test.SoftAssertionDemo" name="WrongLoginPassword" time="1.433"/>
  <testcase classname="com.test.SoftAssertionDemo" name="WrongLoginUser" time="1.432"/>
</testsuite> <!-- Default test -->
