<?xml version="1.0" encoding="UTF-8"?>
<!-- Generated by org.testng.reporters.JUnitReportReporter -->
<testsuite hostname="Bat-Computer" failures="0" tests="3" name="com.test.BaseTest" time="10.140" errors="0" timestamp="2026-04-28T15:25:58 IST" skipped="0">
  <testcase classname="com.test.BaseTest" name="invalidlogincred" time="8.303"/>
  <testcase classname="com.test.BaseTest" name="invalidlogin" time="1.675"/>
  <testcase classname="com.test.BaseTest" name="loginTest" time="0.162"/>
</testsuite> <!-- com.test.BaseTest -->
