<?xml version="1.0" encoding="UTF-8"?>
<!-- Generated by org.testng.reporters.JUnitReportReporter -->
<testsuite hostname="Bat-Computer" failures="0" tests="3" name="com.test.ParameterizedDemo" time="15.048" errors="0" timestamp="2026-04-20T16:08:13 IST" skipped="0">
  <testcase classname="com.test.ParameterizedDemo" name="WrongLogin" time="4.680"/>
  <testcase classname="com.test.ParameterizedDemo" name="Login" time="7.150"/>
  <testcase classname="com.test.ParameterizedDemo" name="WrongLogin" time="3.218"/>
</testsuite> <!-- com.test.ParameterizedDemo -->
