<?xml version="1.0" encoding="UTF-8"?>
<!-- Generated by org.testng.reporters.JUnitReportReporter -->
<testsuite hostname="Bat-Computer" failures="0" tests="3" name="com.test.SoftAssertionDemo" time="11.461" errors="0" timestamp="2026-04-17T16:26:04 IST" skipped="0">
  <testcase classname="com.test.SoftAssertionDemo" name="Login" time="4.515"/>
  <testcase classname="com.test.SoftAssertionDemo" name="WrongLoginPassword" time="3.318"/>
  <testcase classname="com.test.SoftAssertionDemo" name="WrongLoginUser" time="3.628"/>
</testsuite> <!-- com.test.SoftAssertionDemo -->
