<?xml version="1.0" encoding="UTF-8"?>
<!-- Generated by org.testng.reporters.JUnitReportReporter -->
<testsuite hostname="Bat-Computer" failures="0" tests="4" name="com.test.DataProviderDemo" time="40.763" errors="0" timestamp="2026-04-20T15:25:38 IST" skipped="0">
  <testcase classname="com.test.DataProviderDemo" name="search" time="8.419"/>
  <testcase classname="com.test.DataProviderDemo" name="search" time="6.852"/>
  <testcase classname="com.test.DataProviderDemo" name="search" time="9.354"/>
  <testcase classname="com.test.DataProviderDemo" name="search" time="16.138"/>
</testsuite> <!-- com.test.DataProviderDemo -->
