<?xml version="1.0" encoding="UTF-8"?>
<!-- Generated by org.testng.reporters.JUnitReportReporter -->
<testsuite hostname="Bat-Computer" failures="0" tests="3" name="com.test.NewTest" time="14.420" errors="0" timestamp="2026-04-20T16:28:24 IST" skipped="0">
  <testcase classname="com.test.NewTest" name="WrongLoginUser" time="4.988"/>
  <testcase classname="com.test.NewTest" name="Login" time="4.979"/>
  <testcase classname="com.test.NewTest" name="WrongLoginPassword" time="4.453"/>
</testsuite> <!-- com.test.NewTest -->
