<?xml version="1.0" encoding="UTF-8"?>
<!-- Generated by org.testng.reporters.JUnitReportReporter -->
<testsuite hostname="Bat-Computer" failures="0" tests="3" name="com.test.NewTest" time="9.619" errors="0" timestamp="2026-04-17T11:33:31 IST" skipped="0">
  <testcase classname="com.test.NewTest" name="WrongLoginPassword" time="2.854"/>
  <testcase classname="com.test.NewTest" name="Login" time="2.807"/>
  <testcase classname="com.test.NewTest" name="WrongLoginUser" time="3.958"/>
</testsuite> <!-- com.test.NewTest -->
