<?xml version="1.0" encoding="UTF-8"?>
<!-- Generated by org.testng.reporters.JUnitReportReporter -->
<testsuite hostname="Bat-Computer" failures="0" tests="3" name="com.test.ParameterizedDemo" time="27.312" errors="3" timestamp="2026-04-21T11:37:49 IST" skipped="0">
  <testcase classname="com.test.ParameterizedDemo" name="Login" time="8.506">
    <error message="Unresolved compilation problems: 
	Type mismatch: cannot convert from WebDriverWait to ThreadLocal&lt;WebDriverWait&gt;
	The method until(ExpectedCondition&lt;WebElement&gt;) is undefined for the type ThreadLocal&lt;WebDriverWait&gt;
	The method until(ExpectedCondition&lt;WebElement&gt;) is undefined for the type ThreadLocal&lt;WebDriverWait&gt;
" type="java.lang.Error">
      <![CDATA[java.lang.Error: Unresolved compilation problems: 
Type mismatch: cannot convert from WebDriverWait to ThreadLocal<WebDriverWait>
The method until(ExpectedCondition<WebElement>) is undefined for the type ThreadLocal<WebDriverWait>
The method until(ExpectedCondition<WebElement>) is undefined for the type ThreadLocal<WebDriverWait>

at com.test.ParameterizedDemo.Login(ParameterizedDemo.java:36)
at java.base/jdk.internal.reflect.DirectMethodHandleAccessor.invoke(DirectMethodHandleAccessor.java:104)
at java.base/java.lang.reflect.Method.invoke(Method.java:565)
at org.testng.internal.invokers.MethodInvocationHelper.invokeMethod(MethodInvocationHelper.java:141)
at org.testng.internal.invokers.TestInvoker.invokeMethod(TestInvoker.java:697)
at org.testng.internal.invokers.TestInvoker.invokeTestMethod(TestInvoker.java:230)
at org.testng.internal.invokers.MethodRunner.runInSequence(MethodRunner.java:63)
at org.testng.internal.invokers.TestInvoker$MethodInvocationAgent.invoke(TestInvoker.java:1005)
at org.testng.internal.invokers.TestInvoker.invokeTestMethods(TestInvoker.java:203)
at org.testng.internal.invokers.TestMethodWorker.invokeTestMethods(TestMethodWorker.java:154)
at org.testng.internal.invokers.TestMethodWorker.run(TestMethodWorker.java:134)
at java.base/java.util.concurrent.Executors$RunnableAdapter.call(Executors.java:545)
at java.base/java.util.concurrent.FutureTask.run(FutureTask.java:328)
at org.testng.internal.thread.graph.TestNGFutureTask.run(TestNGFutureTask.java:22)
at java.base/java.util.concurrent.ThreadPoolExecutor.runWorker(ThreadPoolExecutor.java:1090)
at java.base/java.util.concurrent.ThreadPoolExecutor$Worker.run(ThreadPoolExecutor.java:614)
at java.base/java.lang.Thread.run(Thread.java:1474)
]]>
    </error>
  </testcase> <!-- Login -->
  <testcase classname="com.test.ParameterizedDemo" name="WrongLogin" time="8.872">
    <error message="Unresolved compilation problems: 
	Type mismatch: cannot convert from WebDriverWait to ThreadLocal&lt;WebDriverWait&gt;
	The method until(ExpectedCondition&lt;WebElement&gt;) is undefined for the type ThreadLocal&lt;WebDriverWait&gt;
	The method until(ExpectedCondition&lt;Alert&gt;) is undefined for the type ThreadLocal&lt;WebDriverWait&gt;
" type="java.lang.Error">
      <![CDATA[java.lang.Error: Unresolved compilation problems: 
Type mismatch: cannot convert from WebDriverWait to ThreadLocal<WebDriverWait>
The method until(ExpectedCondition<WebElement>) is undefined for the type ThreadLocal<WebDriverWait>
The method until(ExpectedCondition<Alert>) is undefined for the type ThreadLocal<WebDriverWait>

at com.test.ParameterizedDemo.WrongLogin(ParameterizedDemo.java:50)
at java.base/jdk.internal.reflect.DirectMethodHandleAccessor.invoke(DirectMethodHandleAccessor.java:104)
at java.base/java.lang.reflect.Method.invoke(Method.java:565)
at org.testng.internal.invokers.MethodInvocationHelper.invokeMethod(MethodInvocationHelper.java:141)
at org.testng.internal.invokers.TestInvoker.invokeMethod(TestInvoker.java:697)
at org.testng.internal.invokers.TestInvoker.invokeTestMethod(TestInvoker.java:230)
at org.testng.internal.invokers.TestMethodWithDataProviderMethodWorker.call(TestMethodWithDataProviderMethodWorker.java:81)
at org.testng.internal.thread.Async$AsyncTask.run(Async.java:34)
at java.base/java.util.concurrent.ThreadPoolExecutor.runWorker(ThreadPoolExecutor.java:1090)
at java.base/java.util.concurrent.ThreadPoolExecutor$Worker.run(ThreadPoolExecutor.java:614)
at java.base/java.lang.Thread.run(Thread.java:1474)
]]>
    </error>
  </testcase> <!-- WrongLogin -->
  <testcase classname="com.test.ParameterizedDemo" name="WrongLogin" time="9.934">
    <error message="Unresolved compilation problems: 
	Type mismatch: cannot convert from WebDriverWait to ThreadLocal&lt;WebDriverWait&gt;
	The method until(ExpectedCondition&lt;WebElement&gt;) is undefined for the type ThreadLocal&lt;WebDriverWait&gt;
	The method until(ExpectedCondition&lt;Alert&gt;) is undefined for the type ThreadLocal&lt;WebDriverWait&gt;
" type="java.lang.Error">
      <![CDATA[java.lang.Error: Unresolved compilation problems: 
Type mismatch: cannot convert from WebDriverWait to ThreadLocal<WebDriverWait>
The method until(ExpectedCondition<WebElement>) is undefined for the type ThreadLocal<WebDriverWait>
The method until(ExpectedCondition<Alert>) is undefined for the type ThreadLocal<WebDriverWait>

at com.test.ParameterizedDemo.WrongLogin(ParameterizedDemo.java:50)
at java.base/jdk.internal.reflect.DirectMethodHandleAccessor.invoke(DirectMethodHandleAccessor.java:104)
at java.base/java.lang.reflect.Method.invoke(Method.java:565)
at org.testng.internal.invokers.MethodInvocationHelper.invokeMethod(MethodInvocationHelper.java:141)
at org.testng.internal.invokers.TestInvoker.invokeMethod(TestInvoker.java:697)
at org.testng.internal.invokers.TestInvoker.invokeTestMethod(TestInvoker.java:230)
at org.testng.internal.invokers.TestMethodWithDataProviderMethodWorker.call(TestMethodWithDataProviderMethodWorker.java:81)
at org.testng.internal.thread.Async$AsyncTask.run(Async.java:34)
at java.base/java.util.concurrent.ThreadPoolExecutor.runWorker(ThreadPoolExecutor.java:1090)
at java.base/java.util.concurrent.ThreadPoolExecutor$Worker.run(ThreadPoolExecutor.java:614)
at java.base/java.lang.Thread.run(Thread.java:1474)
]]>
    </error>
  </testcase> <!-- WrongLogin -->
</testsuite> <!-- com.test.ParameterizedDemo -->
