<?xml version="1.0" encoding="UTF-8"?>
<!-- Generated by org.testng.reporters.JUnitXMLReporter -->
<testsuite ignored="0" hostname="Bat-Computer" failures="0" tests="6" name="Test" time="28.544" errors="0" timestamp="2026-05-10T21:53:16 IST">
  <testcase classname="com.test.LoginTest" name="loginTest" time="0.666"/>
  <testcase classname="com.test.LoginTest" name="invalidLoginTest" time="2.675"/>
  <testcase classname="com.test.LoginTest" name="validLoginTest" time="3.366"/>
  <testcase classname="com.test.DashboardTest" name="dashboardTest" time="3.023"/>
  <testcase classname="com.test.LoginTest" name="invalidLoginTest" time="1.025"/>
  <testcase classname="com.test.LoginTest" name="invalidLoginTest" time="0.882"/>
</testsuite> <!-- Test -->
