<?xml version="1.0" encoding="UTF-8"?>
<testng-results ignored="0" total="5" passed="4" failed="1" skipped="0">
  <reporter-output>
  </reporter-output>
  <suite started-at="2026-04-21T16:32:43 IST" name="Suite" finished-at="2026-04-21T16:33:13 IST" duration-ms="29508">
    <groups>
    </groups>
    <test started-at="2026-04-21T16:32:43 IST" name="Params" finished-at="2026-04-21T16:33:13 IST" duration-ms="29508">
      <class name="com.test.DataDrivenTestDemo">
        <test-method is-config="true" signature="beforeTest()[pri:0, instance:com.test.DataDrivenTestDemo@c33b74f]" started-at="2026-04-21T16:32:43 IST" name="beforeTest" finished-at="2026-04-21T16:32:48 IST" duration-ms="4087" status="PASS">
          <reporter-output>
          </reporter-output>
        </test-method> <!-- beforeTest -->
        <test-method signature="Login(java.lang.String,java.lang.String)[pri:0, instance:com.test.DataDrivenTestDemo@c33b74f]" started-at="2026-04-21T16:32:48 IST" name="Login" data-provider="validExcelData" finished-at="2026-04-21T16:32:49 IST" duration-ms="1305" status="PASS">
          <params>
            <param index="0">
              <value>
                <![CDATA[jeyakaraj@gmail.com]]>
              </value>
            </param>
            <param index="1">
              <value>
                <![CDATA[john]]>
              </value>
            </param>
          </params>
          <reporter-output>
          </reporter-output>
        </test-method> <!-- Login -->
        <test-method is-config="true" signature="teardon()[pri:0, instance:com.test.DataDrivenTestDemo@c33b74f]" started-at="2026-04-21T16:32:49 IST" name="teardon" finished-at="2026-04-21T16:32:50 IST" duration-ms="820" status="PASS">
          <reporter-output>
          </reporter-output>
        </test-method> <!-- teardon -->
        <test-method is-config="true" signature="beforeTest()[pri:0, instance:com.test.DataDrivenTestDemo@c33b74f]" started-at="2026-04-21T16:32:50 IST" name="beforeTest" finished-at="2026-04-21T16:32:53 IST" duration-ms="3745" status="PASS">
          <reporter-output>
          </reporter-output>
        </test-method> <!-- beforeTest -->
        <test-method signature="WrongLoginUser(java.lang.String,java.lang.String)[pri:0, instance:com.test.DataDrivenTestDemo@c33b74f]" started-at="2026-04-21T16:32:53 IST" name="WrongLoginUser" data-provider="invalidExcelData" finished-at="2026-04-21T16:32:55 IST" duration-ms="1414" status="PASS">
          <params>
            <param index="0">
              <value>
                <![CDATA[Danny]]>
              </value>
            </param>
            <param index="1">
              <value>
                <![CDATA[aadd]]>
              </value>
            </param>
          </params>
          <reporter-output>
          </reporter-output>
        </test-method> <!-- WrongLoginUser -->
        <test-method is-config="true" signature="teardon()[pri:0, instance:com.test.DataDrivenTestDemo@c33b74f]" started-at="2026-04-21T16:32:55 IST" name="teardon" finished-at="2026-04-21T16:32:56 IST" duration-ms="701" status="PASS">
          <reporter-output>
          </reporter-output>
        </test-method> <!-- teardon -->
        <test-method is-config="true" signature="beforeTest()[pri:0, instance:com.test.DataDrivenTestDemo@c33b74f]" started-at="2026-04-21T16:32:56 IST" name="beforeTest" finished-at="2026-04-21T16:32:59 IST" duration-ms="3574" status="PASS">
          <reporter-output>
          </reporter-output>
        </test-method> <!-- beforeTest -->
        <test-method signature="WrongLoginUser(java.lang.String,java.lang.String)[pri:0, instance:com.test.DataDrivenTestDemo@c33b74f]" started-at="2026-04-21T16:32:59 IST" name="WrongLoginUser" data-provider="invalidExcelData" finished-at="2026-04-21T16:33:02 IST" duration-ms="2646" status="PASS">
          <params>
            <param index="0">
              <value>
                <![CDATA[asda]]>
              </value>
            </param>
            <param index="1">
              <value>
                <![CDATA[1asdad]]>
              </value>
            </param>
          </params>
          <reporter-output>
          </reporter-output>
        </test-method> <!-- WrongLoginUser -->
        <test-method is-config="true" signature="teardon()[pri:0, instance:com.test.DataDrivenTestDemo@c33b74f]" started-at="2026-04-21T16:33:02 IST" name="teardon" finished-at="2026-04-21T16:33:03 IST" duration-ms="699" status="PASS">
          <reporter-output>
          </reporter-output>
        </test-method> <!-- teardon -->
        <test-method is-config="true" signature="beforeTest()[pri:0, instance:com.test.DataDrivenTestDemo@c33b74f]" started-at="2026-04-21T16:33:03 IST" name="beforeTest" finished-at="2026-04-21T16:33:07 IST" duration-ms="4112" status="PASS">
          <reporter-output>
          </reporter-output>
        </test-method> <!-- beforeTest -->
        <test-method signature="invalidSearch(java.lang.String)[pri:0, instance:com.test.DataDrivenTestDemo@c33b74f]" started-at="2026-04-21T16:33:07 IST" name="invalidSearch" finished-at="2026-04-21T16:33:07 IST" duration-ms="90" status="FAIL">
          <params>
            <param index="0">
              <value>
                <![CDATA[kiot]]>
              </value>
            </param>
          </params>
          <exception class="org.openqa.selenium.InvalidSelectorException">
            <message>
              <![CDATA[Given xpath expression "///p[2]" is invalid: SyntaxError: Document.evaluate: The expression is not a legal expression
For documentation on this error, please visit: https://www.selenium.dev/documentation/webdriver/troubleshooting/errors#invalidselectorexception
Build info: version: '4.43.0', revision: 'dd0f534'
System info: os.name: 'Windows 11', os.arch: 'amd64', os.version: '10.0', java.version: '25'
Driver info: org.openqa.selenium.firefox.FirefoxDriver
Command: [30e60914-348e-405e-a11d-b182dad60cc7, findElement {value=///p[2], using=xpath}]
Capabilities {acceptInsecureCerts: true, browserName: firefox, browserVersion: 149.0.2, moz:accessibilityChecks: false, moz:buildID: 20260403140140, moz:geckodriverVersion: 0.36.0, moz:headless: false, moz:platformVersion: 10.0, moz:processID: 17332, moz:profile: C:\Users\JERISH~1\AppData\L..., moz:shutdownTimeout: 60000, moz:webdriverClick: true, moz:windowless: false, pageLoadStrategy: normal, platformName: windows, proxy: Proxy(), setWindowRect: true, strictFileInteractability: false, timeouts: {implicit: 0, pageLoad: 300000, script: 30000}, unhandledPromptBehavior: dismiss and notify, userAgent: Mozilla/5.0 (Windows NT 10....}
Session ID: 30e60914-348e-405e-a11d-b182dad60cc7]]>
            </message>
            <full-stacktrace>
              <![CDATA[org.openqa.selenium.InvalidSelectorException: Given xpath expression "///p[2]" is invalid: SyntaxError: Document.evaluate: The expression is not a legal expression
For documentation on this error, please visit: https://www.selenium.dev/documentation/webdriver/troubleshooting/errors#invalidselectorexception
Build info: version: '4.43.0', revision: 'dd0f534'
System info: os.name: 'Windows 11', os.arch: 'amd64', os.version: '10.0', java.version: '25'
Driver info: org.openqa.selenium.firefox.FirefoxDriver
Command: [30e60914-348e-405e-a11d-b182dad60cc7, findElement {value=///p[2], using=xpath}]
Capabilities {acceptInsecureCerts: true, browserName: firefox, browserVersion: 149.0.2, moz:accessibilityChecks: false, moz:buildID: 20260403140140, moz:geckodriverVersion: 0.36.0, moz:headless: false, moz:platformVersion: 10.0, moz:processID: 17332, moz:profile: C:\Users\JERISH~1\AppData\L..., moz:shutdownTimeout: 60000, moz:webdriverClick: true, moz:windowless: false, pageLoadStrategy: normal, platformName: windows, proxy: Proxy(), setWindowRect: true, strictFileInteractability: false, timeouts: {implicit: 0, pageLoad: 300000, script: 30000}, unhandledPromptBehavior: dismiss and notify, userAgent: Mozilla/5.0 (Windows NT 10....}
Session ID: 30e60914-348e-405e-a11d-b182dad60cc7
at org.openqa.selenium.remote.ErrorCodec.decode(ErrorCodec.java:169)
at org.openqa.selenium.remote.codec.w3c.W3CHttpResponseCodec.decode(W3CHttpResponseCodec.java:142)
at org.openqa.selenium.remote.codec.w3c.W3CHttpResponseCodec.decode(W3CHttpResponseCodec.java:49)
at org.openqa.selenium.remote.HttpCommandExecutor.execute(HttpCommandExecutor.java:223)
at org.openqa.selenium.remote.service.DriverCommandExecutor.invokeExecute(DriverCommandExecutor.java:216)
at org.openqa.selenium.remote.service.DriverCommandExecutor.execute(DriverCommandExecutor.java:174)
at org.openqa.selenium.remote.RemoteWebDriver.execute(RemoteWebDriver.java:606)
at org.openqa.selenium.remote.ElementLocation$ElementFinder$2.findElement(ElementLocation.java:166)
at org.openqa.selenium.remote.ElementLocation.findElement(ElementLocation.java:60)
at org.openqa.selenium.remote.RemoteWebDriver.findElement(RemoteWebDriver.java:429)
at org.openqa.selenium.remote.RemoteWebDriver.findElement(RemoteWebDriver.java:423)
at org.openqa.selenium.support.ui.ExpectedConditions$7.apply(ExpectedConditions.java:222)
at org.openqa.selenium.support.ui.ExpectedConditions$7.apply(ExpectedConditions.java:215)
at org.openqa.selenium.support.ui.FluentWait.until(FluentWait.java:210)
at com.test.DataDrivenTestDemo.invalidSearch(DataDrivenTestDemo.java:76)
at java.base/jdk.internal.reflect.DirectMethodHandleAccessor.invoke(DirectMethodHandleAccessor.java:104)
at java.base/java.lang.reflect.Method.invoke(Method.java:565)
at org.testng.internal.invokers.MethodInvocationHelper.invokeMethod(MethodInvocationHelper.java:141)
at org.testng.internal.invokers.TestInvoker.invokeMethod(TestInvoker.java:697)
at org.testng.internal.invokers.TestInvoker.invokeTestMethod(TestInvoker.java:230)
at org.testng.internal.invokers.MethodRunner.runInSequence(MethodRunner.java:63)
at org.testng.internal.invokers.TestInvoker$MethodInvocationAgent.invoke(TestInvoker.java:1005)
at org.testng.internal.invokers.TestInvoker.invokeTestMethods(TestInvoker.java:203)
at org.testng.internal.invokers.TestMethodWorker.invokeTestMethods(TestMethodWorker.java:154)
at org.testng.internal.invokers.TestMethodWorker.run(TestMethodWorker.java:134)
at java.base/java.util.ArrayList.forEach(ArrayList.java:1604)
at org.testng.TestRunner.privateRun(TestRunner.java:744)
at org.testng.TestRunner.run(TestRunner.java:616)
at org.testng.SuiteRunner.runTest(SuiteRunner.java:421)
at org.testng.SuiteRunner.runSequentially(SuiteRunner.java:413)
at org.testng.SuiteRunner.privateRun(SuiteRunner.java:373)
at org.testng.SuiteRunner.run(SuiteRunner.java:312)
at org.testng.SuiteRunnerWorker.runSuite(SuiteRunnerWorker.java:52)
at org.testng.SuiteRunnerWorker.run(SuiteRunnerWorker.java:95)
at org.testng.TestNG.runSuitesSequentially(TestNG.java:1274)
at org.testng.TestNG.runSuitesLocally(TestNG.java:1208)
at org.testng.TestNG.runSuites(TestNG.java:1112)
at org.testng.TestNG.run(TestNG.java:1079)
at org.testng.remote.AbstractRemoteTestNG.run(AbstractRemoteTestNG.java:115)
at org.testng.remote.RemoteTestNG.initAndRun(RemoteTestNG.java:293)
at org.testng.remote.RemoteTestNG.main(RemoteTestNG.java:91)
]]>
            </full-stacktrace>
          </exception> <!-- org.openqa.selenium.InvalidSelectorException -->
          <reporter-output>
          </reporter-output>
        </test-method> <!-- invalidSearch -->
        <test-method is-config="true" signature="teardon()[pri:0, instance:com.test.DataDrivenTestDemo@c33b74f]" started-at="2026-04-21T16:33:07 IST" name="teardon" finished-at="2026-04-21T16:33:08 IST" duration-ms="814" status="PASS">
          <reporter-output>
          </reporter-output>
        </test-method> <!-- teardon -->
        <test-method is-config="true" signature="beforeTest()[pri:0, instance:com.test.DataDrivenTestDemo@c33b74f]" started-at="2026-04-21T16:33:08 IST" name="beforeTest" finished-at="2026-04-21T16:33:11 IST" duration-ms="3616" status="PASS">
          <reporter-output>
          </reporter-output>
        </test-method> <!-- beforeTest -->
        <test-method signature="validSearch(java.lang.String)[pri:0, instance:com.test.DataDrivenTestDemo@c33b74f]" started-at="2026-04-21T16:33:11 IST" name="validSearch" finished-at="2026-04-21T16:33:12 IST" duration-ms="590" status="PASS">
          <params>
            <param index="0">
              <value>
                <![CDATA[mac]]>
              </value>
            </param>
          </params>
          <reporter-output>
          </reporter-output>
        </test-method> <!-- validSearch -->
        <test-method is-config="true" signature="teardon()[pri:0, instance:com.test.DataDrivenTestDemo@c33b74f]" started-at="2026-04-21T16:33:12 IST" name="teardon" finished-at="2026-04-21T16:33:13 IST" duration-ms="810" status="PASS">
          <reporter-output>
          </reporter-output>
        </test-method> <!-- teardon -->
      </class> <!-- com.test.DataDrivenTestDemo -->
    </test> <!-- Params -->
  </suite> <!-- Suite -->
</testng-results>
