<?xml version="1.0" encoding="UTF-8"?>
<testng-results ignored="0" total="5" passed="5" failed="0" skipped="0">
  <reporter-output>
  </reporter-output>
  <suite started-at="2026-04-28T12:01:31 IST" name="Suite" finished-at="2026-04-28T12:01:54 IST" duration-ms="22869">
    <groups>
    </groups>
    <test started-at="2026-04-28T12:01:31 IST" name="Params" finished-at="2026-04-28T12:01:54 IST" duration-ms="22869">
      <class name="com.test.DataDrivenTestDemo">
        <test-method is-config="true" signature="beforeTest()[pri:0, instance:com.test.DataDrivenTestDemo@40317ba2]" started-at="2026-04-28T12:01:32 IST" name="beforeTest" finished-at="2026-04-28T12:01:36 IST" duration-ms="4224" status="PASS">
          <reporter-output>
          </reporter-output>
        </test-method> <!-- beforeTest -->
        <test-method signature="Login(java.lang.String,java.lang.String)[pri:0, instance:com.test.DataDrivenTestDemo@40317ba2]" started-at="2026-04-28T12:01:36 IST" name="Login" data-provider="validExcelData" finished-at="2026-04-28T12:01:39 IST" duration-ms="2793" status="PASS">
          <params>
            <param index="0">
              <value>
                <![CDATA[jeyakaraj@gmail.com]]>
              </value>
            </param>
            <param index="1">
              <value>
                <![CDATA[john]]>
              </value>
            </param>
          </params>
          <reporter-output>
          </reporter-output>
        </test-method> <!-- Login -->
        <test-method is-config="true" signature="teardon()[pri:0, instance:com.test.DataDrivenTestDemo@40317ba2]" started-at="2026-04-28T12:01:39 IST" name="teardon" finished-at="2026-04-28T12:01:40 IST" duration-ms="270" status="PASS">
          <reporter-output>
          </reporter-output>
        </test-method> <!-- teardon -->
        <test-method is-config="true" signature="beforeTest()[pri:0, instance:com.test.DataDrivenTestDemo@40317ba2]" started-at="2026-04-28T12:01:40 IST" name="beforeTest" finished-at="2026-04-28T12:01:42 IST" duration-ms="1920" status="PASS">
          <reporter-output>
          </reporter-output>
        </test-method> <!-- beforeTest -->
        <test-method signature="WrongLoginUser(java.lang.String,java.lang.String)[pri:0, instance:com.test.DataDrivenTestDemo@40317ba2]" started-at="2026-04-28T12:01:42 IST" name="WrongLoginUser" data-provider="invalidExcelData" finished-at="2026-04-28T12:01:44 IST" duration-ms="2543" status="PASS">
          <params>
            <param index="0">
              <value>
                <![CDATA[Robert]]>
              </value>
            </param>
            <param index="1">
              <value>
                <![CDATA[aadd]]>
              </value>
            </param>
          </params>
          <reporter-output>
          </reporter-output>
        </test-method> <!-- WrongLoginUser -->
        <test-method is-config="true" signature="teardon()[pri:0, instance:com.test.DataDrivenTestDemo@40317ba2]" started-at="2026-04-28T12:01:44 IST" name="teardon" finished-at="2026-04-28T12:01:44 IST" duration-ms="244" status="PASS">
          <reporter-output>
          </reporter-output>
        </test-method> <!-- teardon -->
        <test-method is-config="true" signature="beforeTest()[pri:0, instance:com.test.DataDrivenTestDemo@40317ba2]" started-at="2026-04-28T12:01:44 IST" name="beforeTest" finished-at="2026-04-28T12:01:47 IST" duration-ms="2223" status="PASS">
          <reporter-output>
          </reporter-output>
        </test-method> <!-- beforeTest -->
        <test-method signature="WrongLoginUser(java.lang.String,java.lang.String)[pri:0, instance:com.test.DataDrivenTestDemo@40317ba2]" started-at="2026-04-28T12:01:47 IST" name="WrongLoginUser" data-provider="invalidExcelData" finished-at="2026-04-28T12:01:49 IST" duration-ms="2377" status="PASS">
          <params>
            <param index="0">
              <value>
                <![CDATA[Jasper]]>
              </value>
            </param>
            <param index="1">
              <value>
                <![CDATA[1asdad]]>
              </value>
            </param>
          </params>
          <reporter-output>
          </reporter-output>
        </test-method> <!-- WrongLoginUser -->
        <test-method is-config="true" signature="teardon()[pri:0, instance:com.test.DataDrivenTestDemo@40317ba2]" started-at="2026-04-28T12:01:49 IST" name="teardon" finished-at="2026-04-28T12:01:49 IST" duration-ms="230" status="PASS">
          <reporter-output>
          </reporter-output>
        </test-method> <!-- teardon -->
        <test-method is-config="true" signature="beforeTest()[pri:0, instance:com.test.DataDrivenTestDemo@40317ba2]" started-at="2026-04-28T12:01:49 IST" name="beforeTest" finished-at="2026-04-28T12:01:51 IST" duration-ms="1855" status="PASS">
          <reporter-output>
          </reporter-output>
        </test-method> <!-- beforeTest -->
        <test-method signature="invalidSearch(java.lang.String)[pri:0, instance:com.test.DataDrivenTestDemo@40317ba2]" started-at="2026-04-28T12:01:51 IST" name="invalidSearch" finished-at="2026-04-28T12:01:52 IST" duration-ms="552" status="PASS">
          <params>
            <param index="0">
              <value>
                <![CDATA[kiot]]>
              </value>
            </param>
          </params>
          <reporter-output>
          </reporter-output>
        </test-method> <!-- invalidSearch -->
        <test-method is-config="true" signature="teardon()[pri:0, instance:com.test.DataDrivenTestDemo@40317ba2]" started-at="2026-04-28T12:01:52 IST" name="teardon" finished-at="2026-04-28T12:01:52 IST" duration-ms="209" status="PASS">
          <reporter-output>
          </reporter-output>
        </test-method> <!-- teardon -->
        <test-method is-config="true" signature="beforeTest()[pri:0, instance:com.test.DataDrivenTestDemo@40317ba2]" started-at="2026-04-28T12:01:52 IST" name="beforeTest" finished-at="2026-04-28T12:01:54 IST" duration-ms="1860" status="PASS">
          <reporter-output>
          </reporter-output>
        </test-method> <!-- beforeTest -->
        <test-method signature="validSearch(java.lang.String)[pri:0, instance:com.test.DataDrivenTestDemo@40317ba2]" started-at="2026-04-28T12:01:54 IST" name="validSearch" finished-at="2026-04-28T12:01:54 IST" duration-ms="532" status="PASS">
          <params>
            <param index="0">
              <value>
                <![CDATA[mac]]>
              </value>
            </param>
          </params>
          <reporter-output>
          </reporter-output>
        </test-method> <!-- validSearch -->
        <test-method is-config="true" signature="teardon()[pri:0, instance:com.test.DataDrivenTestDemo@40317ba2]" started-at="2026-04-28T12:01:54 IST" name="teardon" finished-at="2026-04-28T12:01:54 IST" duration-ms="204" status="PASS">
          <reporter-output>
          </reporter-output>
        </test-method> <!-- teardon -->
      </class> <!-- com.test.DataDrivenTestDemo -->
    </test> <!-- Params -->
  </suite> <!-- Suite -->
</testng-results>
