<?xml version="1.0" encoding="UTF-8"?>
<!-- Generated by org.testng.reporters.JUnitXMLReporter -->
<testsuite ignored="0" hostname="Bat-Computer" failures="0" tests="8" name="Test" time="9.501" errors="0" timestamp="2026-06-16T09:12:17 IST">
  <testcase classname="com.tests.GetPostTest" name="getPost" time="1.641"/>
  <testcase classname="com.tests.DeletePostTest" name="DeletePost" time="0.423"/>
  <testcase classname="com.tests.UpdatePostPartialTest" name="updatePostPartially" time="0.697"/>
  <testcase classname="com.tests.GetUserTest" name="getUserTest" time="0.74"/>
  <testcase classname="com.tests.UpdatePostTest" name="updatePost" time="0.666"/>
  <testcase classname="com.tests.ApiValidation" name="validateUserData" time="0.413"/>
  <testcase classname="com.tests.Selenium_test" name="test" time="3.961"/>
  <testcase classname="com.tests.CreateUserTest" name="createUser" time="0.909"/>
</testsuite> <!-- Test -->
