<?xml version="1.0" encoding="UTF-8"?>
<!-- Generated by org.testng.reporters.JUnitXMLReporter -->
<testsuite ignored="0" hostname="Bat-Computer" failures="1" tests="2" name="Test" time="5.033" errors="0" timestamp="2026-04-28T14:04:26 IST">
  <testcase classname="com.test.BaseTest" name="loginTest" time="0.61"/>
  <testcase classname="com.test.DashboardTest" name="DashTest" time="0.004">
    <failure type="java.lang.NullPointerException" message="Cannot invoke &amp;quot;com.pages.LoginPage.login(String, String)&amp;quot; because &amp;quot;this.objLogin&amp;quot; is null">
      <![CDATA[java.lang.NullPointerException: Cannot invoke "com.pages.LoginPage.login(String, String)" because "this.objLogin" is null
at com.test.DashboardTest.DashTest(DashboardTest.java:36)
at java.base/java.util.ArrayList.forEach(ArrayList.java:1604)
... Removed 25 stack frames]]>
    </failure>
  </testcase> <!-- DashTest -->
</testsuite> <!-- Test -->
