<?xml version="1.0" encoding="UTF-8"?>
<!-- Generated by org.testng.reporters.JUnitReportReporter -->
<testsuite hostname="Bat-Computer" failures="0" tests="3" name="com.runner.TestNgRunner" time="0.181" errors="3" timestamp="2026-05-05T10:36:28 IST" skipped="0">
  <testcase classname="com.runner.TestNgRunner" name="runScenario" time="0.014">
    <error message="The step &#039;User is on Homepage&#039; and 4 other step(s) are undefined.
You can implement these steps using the snippet(s) below:

@Given(&quot;User is on Homepage&quot;)
public void user_is_on_homepage() {
    // Write code here that turns the phrase above into concrete actions
    throw new io.cucumber.java.PendingException();
}
@Given(&quot;clicks the login button&quot;)
public void clicks_the_login_button() {
    // Write code here that turns the phrase above into concrete actions
    throw new io.cucumber.java.PendingException();
}
@When(&quot;User enters invalid username as {string}&quot;)
public void user_enters_invalid_username_as(String string) {
    // Write code here that turns the phrase above into concrete actions
    throw new io.cucumber.java.PendingException();
}
@When(&quot;User enters invalid password as {string}&quot;)
public void user_enters_invalid_password_as(String string) {
    // Write code here that turns the phrase above into concrete actions
    throw new io.cucumber.java.PendingException();
}
@Then(&quot;User should face an alert saying {string}&quot;)
public void user_should_face_an_alert_saying(String string) {
    // Write code here that turns the phrase above into concrete actions
    throw new io.cucumber.java.PendingException();
}
" type="io.cucumber.testng.UndefinedStepException">
      <![CDATA[io.cucumber.testng.UndefinedStepException: The step 'User is on Homepage' and 4 other step(s) are undefined.
You can implement these steps using the snippet(s) below:

@Given("User is on Homepage")
public void user_is_on_homepage() {
    // Write code here that turns the phrase above into concrete actions
    throw new io.cucumber.java.PendingException();
}
@Given("clicks the login button")
public void clicks_the_login_button() {
    // Write code here that turns the phrase above into concrete actions
    throw new io.cucumber.java.PendingException();
}
@When("User enters invalid username as {string}")
public void user_enters_invalid_username_as(String string) {
    // Write code here that turns the phrase above into concrete actions
    throw new io.cucumber.java.PendingException();
}
@When("User enters invalid password as {string}")
public void user_enters_invalid_password_as(String string) {
    // Write code here that turns the phrase above into concrete actions
    throw new io.cucumber.java.PendingException();
}
@Then("User should face an alert saying {string}")
public void user_should_face_an_alert_saying(String string) {
    // Write code here that turns the phrase above into concrete actions
    throw new io.cucumber.java.PendingException();
}

at ✽.User is on Homepage(file:///E:/Expleo/CucumberDemoBlaze/src/test/resources/com/feature/login.feature:5)
]]>
    </error>
  </testcase> <!-- runScenario -->
  <testcase classname="com.runner.TestNgRunner" name="runScenario" time="0.023">
    <error message="The step &#039;User is on Homepage&#039; and 4 other step(s) are undefined.
You can implement these steps using the snippet(s) below:

@Given(&quot;User is on Homepage&quot;)
public void user_is_on_homepage() {
    // Write code here that turns the phrase above into concrete actions
    throw new io.cucumber.java.PendingException();
}
@Given(&quot;clicks the login button&quot;)
public void clicks_the_login_button() {
    // Write code here that turns the phrase above into concrete actions
    throw new io.cucumber.java.PendingException();
}
@When(&quot;User enters valid username as {string}&quot;)
public void user_enters_valid_username_as(String string) {
    // Write code here that turns the phrase above into concrete actions
    throw new io.cucumber.java.PendingException();
}
@When(&quot;User enters invalid password as {string}&quot;)
public void user_enters_invalid_password_as(String string) {
    // Write code here that turns the phrase above into concrete actions
    throw new io.cucumber.java.PendingException();
}
@Then(&quot;User should face an alert saying {string}&quot;)
public void user_should_face_an_alert_saying(String string) {
    // Write code here that turns the phrase above into concrete actions
    throw new io.cucumber.java.PendingException();
}
" type="io.cucumber.testng.UndefinedStepException">
      <![CDATA[io.cucumber.testng.UndefinedStepException: The step 'User is on Homepage' and 4 other step(s) are undefined.
You can implement these steps using the snippet(s) below:

@Given("User is on Homepage")
public void user_is_on_homepage() {
    // Write code here that turns the phrase above into concrete actions
    throw new io.cucumber.java.PendingException();
}
@Given("clicks the login button")
public void clicks_the_login_button() {
    // Write code here that turns the phrase above into concrete actions
    throw new io.cucumber.java.PendingException();
}
@When("User enters valid username as {string}")
public void user_enters_valid_username_as(String string) {
    // Write code here that turns the phrase above into concrete actions
    throw new io.cucumber.java.PendingException();
}
@When("User enters invalid password as {string}")
public void user_enters_invalid_password_as(String string) {
    // Write code here that turns the phrase above into concrete actions
    throw new io.cucumber.java.PendingException();
}
@Then("User should face an alert saying {string}")
public void user_should_face_an_alert_saying(String string) {
    // Write code here that turns the phrase above into concrete actions
    throw new io.cucumber.java.PendingException();
}

at ✽.User is on Homepage(file:///E:/Expleo/CucumberDemoBlaze/src/test/resources/com/feature/login.feature:5)
]]>
    </error>
  </testcase> <!-- runScenario -->
  <testcase classname="com.runner.TestNgRunner" name="runScenario" time="0.144">
    <error message="The step &#039;User is on Homepage&#039; and 4 other step(s) are undefined.
You can implement these steps using the snippet(s) below:

@Given(&quot;User is on Homepage&quot;)
public void user_is_on_homepage() {
    // Write code here that turns the phrase above into concrete actions
    throw new io.cucumber.java.PendingException();
}
@Given(&quot;clicks the login button&quot;)
public void clicks_the_login_button() {
    // Write code here that turns the phrase above into concrete actions
    throw new io.cucumber.java.PendingException();
}
@When(&quot;User enters valid username as {string}&quot;)
public void user_enters_valid_username_as(String string) {
    // Write code here that turns the phrase above into concrete actions
    throw new io.cucumber.java.PendingException();
}
@When(&quot;User enters valid password as {string}&quot;)
public void user_enters_valid_password_as(String string) {
    // Write code here that turns the phrase above into concrete actions
    throw new io.cucumber.java.PendingException();
}
@Then(&quot;User should be able to Login Successfully&quot;)
public void user_should_be_able_to_login_successfully() {
    // Write code here that turns the phrase above into concrete actions
    throw new io.cucumber.java.PendingException();
}
" type="io.cucumber.testng.UndefinedStepException">
      <![CDATA[io.cucumber.testng.UndefinedStepException: The step 'User is on Homepage' and 4 other step(s) are undefined.
You can implement these steps using the snippet(s) below:

@Given("User is on Homepage")
public void user_is_on_homepage() {
    // Write code here that turns the phrase above into concrete actions
    throw new io.cucumber.java.PendingException();
}
@Given("clicks the login button")
public void clicks_the_login_button() {
    // Write code here that turns the phrase above into concrete actions
    throw new io.cucumber.java.PendingException();
}
@When("User enters valid username as {string}")
public void user_enters_valid_username_as(String string) {
    // Write code here that turns the phrase above into concrete actions
    throw new io.cucumber.java.PendingException();
}
@When("User enters valid password as {string}")
public void user_enters_valid_password_as(String string) {
    // Write code here that turns the phrase above into concrete actions
    throw new io.cucumber.java.PendingException();
}
@Then("User should be able to Login Successfully")
public void user_should_be_able_to_login_successfully() {
    // Write code here that turns the phrase above into concrete actions
    throw new io.cucumber.java.PendingException();
}

at ✽.User is on Homepage(file:///E:/Expleo/CucumberDemoBlaze/src/test/resources/com/feature/login.feature:5)
]]>
    </error>
  </testcase> <!-- runScenario -->
</testsuite> <!-- com.runner.TestNgRunner -->
