<?xml version="1.0" encoding="UTF-8"?>
<!-- Generated by org.testng.reporters.JUnitReportReporter -->
<testsuite hostname="VIGNESHWARAN" failures="0" tests="4" name="mobileAutomation.CalculatorTesting" time="22.107" errors="0" timestamp="2026-06-18T14:37:32 IST" skipped="0">
  <testcase classname="mobileAutomation.CalculatorTesting" name="verifyMultiplicationWorkflow" time="4.236"/>
  <testcase classname="mobileAutomation.CalculatorTesting" name="verifyDivisionWorkflow" time="3.798"/>
  <testcase classname="mobileAutomation.CalculatorTesting" name="verifyAdditionWorkflow" time="10.300"/>
  <testcase classname="mobileAutomation.CalculatorTesting" name="verifySubtractionWorkflow" time="3.773"/>
</testsuite> <!-- mobileAutomation.CalculatorTesting -->
