<?xml version="1.0" encoding="UTF-8"?>
<testng-results ignored="0" total="1" passed="1" failed="0" skipped="0">
  <reporter-output>
  </reporter-output>
  <suite started-at="2026-06-18T14:30:19 IST" name="Default suite" finished-at="2026-06-18T14:30:31 IST" duration-ms="12154">
    <groups>
    </groups>
    <test started-at="2026-06-18T14:30:19 IST" name="Default test" finished-at="2026-06-18T14:30:31 IST" duration-ms="12154">
      <class name="mobileAutomation.CalculatorTesting">
        <test-method is-config="true" signature="setUp()[pri:0, instance:mobileAutomation.CalculatorTesting@6ed3ccb2]" started-at="2026-06-18T14:30:19 IST" name="setUp" finished-at="2026-06-18T14:30:26 IST" duration-ms="7477" status="PASS">
          <reporter-output>
          </reporter-output>
        </test-method> <!-- setUp -->
        <test-method signature="verifySubtractionWorkflow()[pri:0, instance:mobileAutomation.CalculatorTesting@6ed3ccb2]" started-at="2026-06-18T14:30:26 IST" name="verifySubtractionWorkflow" finished-at="2026-06-18T14:30:30 IST" duration-ms="3989" status="PASS">
          <reporter-output>
          </reporter-output>
        </test-method> <!-- verifySubtractionWorkflow -->
        <test-method is-config="true" signature="tearDown()[pri:0, instance:mobileAutomation.CalculatorTesting@6ed3ccb2]" started-at="2026-06-18T14:30:30 IST" name="tearDown" finished-at="2026-06-18T14:30:31 IST" duration-ms="632" status="PASS">
          <reporter-output>
          </reporter-output>
        </test-method> <!-- tearDown -->
      </class> <!-- mobileAutomation.CalculatorTesting -->
    </test> <!-- Default test -->
  </suite> <!-- Default suite -->
</testng-results>
