<?xml version="1.0" encoding="UTF-8"?>
<!-- Generated by org.testng.reporters.JUnitReportReporter -->
<testsuite hostname="Bat-Computer" failures="0" tests="5" name="com.test.LoginTest" time="63.576" errors="0" timestamp="2026-05-10T21:53:16 IST" skipped="0">
  <testcase classname="com.test.LoginTest" name="loginTest" time="7.933"/>
  <testcase classname="com.test.LoginTest" name="validLoginTest" time="17.102"/>
  <testcase classname="com.test.LoginTest" name="invalidLoginTest" time="7.529"/>
  <testcase classname="com.test.LoginTest" name="invalidLoginTest" time="14.176"/>
  <testcase classname="com.test.LoginTest" name="invalidLoginTest" time="16.836"/>
</testsuite> <!-- com.test.LoginTest -->
