<?xml version="1.0" encoding="UTF-8"?>
<!-- Generated by org.testng.reporters.JUnitReportReporter -->
<testsuite hostname="VIGNESHWARAN" failures="0" tests="2" name="api.tests.CreateNoteTest" time="4.017" errors="0" timestamp="2026-06-19T07:02:57 IST" skipped="0">
  <testcase classname="api.tests.CreateNoteTest" name="createNoteWithAllFields" time="1.773"/>
  <testcase classname="api.tests.CreateNoteTest" name="createNoteWithAllFields" time="2.244"/>
</testsuite> <!-- api.tests.CreateNoteTest -->
