<?xml version="1.0" encoding="UTF-8"?>
<!-- Generated by org.testng.reporters.JUnitXMLReporter -->
<testsuite ignored="3" hostname="VIGNESHWARAN" failures="0" tests="1" name="Default test" time="12.154" errors="0" timestamp="2026-06-18T14:30:31 IST">
  <testcase classname="mobileAutomation.CalculatorTesting" name="verifySubtractionWorkflow" time="3.989"/>
  <testcase classname="mobileAutomation.CalculatorTesting" name="verifyAdditionWorkflow" time="0.0">
    <ignored/>
  </testcase> <!-- verifyAdditionWorkflow -->
  <testcase classname="mobileAutomation.CalculatorTesting" name="verifyMultiplicationWorkflow" time="0.0">
    <ignored/>
  </testcase> <!-- verifyMultiplicationWorkflow -->
  <testcase classname="mobileAutomation.CalculatorTesting" name="verifyDivisionWorkflow" time="0.0">
    <ignored/>
  </testcase> <!-- verifyDivisionWorkflow -->
</testsuite> <!-- Default test -->
