<?xml version="1.0" encoding="UTF-8"?>
<!-- Generated by org.testng.reporters.JUnitXMLReporter -->
<testsuite ignored="0" hostname="Bat-Computer" failures="0" tests="2" name="Paramss" time="0.019" errors="0" timestamp="2026-04-20T15:59:56 IST">
  <testcase classname="com.test.ParameterizedDemo" name="WrongLogin" time="0.001">
    <skipped/>
  </testcase> <!-- WrongLogin -->
  <testcase classname="com.test.ParameterizedDemo" name="WrongLogin" time="0.0">
    <skipped/>
  </testcase> <!-- WrongLogin -->
</testsuite> <!-- Paramss -->
