<?xml version="1.0" encoding="UTF-8"?>
<!-- Generated by org.testng.reporters.JUnitXMLReporter -->
<testsuite ignored="0" hostname="Bat-Computer" failures="3" tests="3" name="Params" time="9.971" errors="0" timestamp="2026-04-21T11:37:49 IST">
  <testcase classname="com.test.ParameterizedDemo" name="Login" time="0.008">
    <failure type="java.lang.Error" message="Unresolved compilation problems: 
	Type mismatch: cannot convert from WebDriverWait to ThreadLocal&amp;lt;WebDriverWait&amp;gt;
	The method until(ExpectedCondition&amp;lt;WebElement&amp;gt;) is undefined for the type ThreadLocal&amp;lt;WebDriverWait&amp;gt;
	The method until(ExpectedCondition&amp;lt;WebElement&amp;gt;) is undefined for the type ThreadLocal&amp;lt;WebDriverWait&amp;gt;
">
      <![CDATA[java.lang.Error: Unresolved compilation problems: 
Type mismatch: cannot convert from WebDriverWait to ThreadLocal<WebDriverWait>
The method until(ExpectedCondition<WebElement>) is undefined for the type ThreadLocal<WebDriverWait>
The method until(ExpectedCondition<WebElement>) is undefined for the type ThreadLocal<WebDriverWait>

at com.test.ParameterizedDemo.Login(ParameterizedDemo.java:36)
at java.base/java.util.concurrent.Executors$RunnableAdapter.call(Executors.java:545)
at java.base/java.util.concurrent.FutureTask.run(FutureTask.java:328)
at java.base/java.util.concurrent.ThreadPoolExecutor.runWorker(ThreadPoolExecutor.java:1090)
at java.base/java.util.concurrent.ThreadPoolExecutor$Worker.run(ThreadPoolExecutor.java:614)
at java.base/java.lang.Thread.run(Thread.java:1474)
... Removed 11 stack frames]]>
    </failure>
  </testcase> <!-- Login -->
  <testcase classname="com.test.ParameterizedDemo" name="WrongLogin" time="0.002">
    <failure type="java.lang.Error" message="Unresolved compilation problems: 
	Type mismatch: cannot convert from WebDriverWait to ThreadLocal&amp;lt;WebDriverWait&amp;gt;
	The method until(ExpectedCondition&amp;lt;WebElement&amp;gt;) is undefined for the type ThreadLocal&amp;lt;WebDriverWait&amp;gt;
	The method until(ExpectedCondition&amp;lt;Alert&amp;gt;) is undefined for the type ThreadLocal&amp;lt;WebDriverWait&amp;gt;
">
      <![CDATA[java.lang.Error: Unresolved compilation problems: 
Type mismatch: cannot convert from WebDriverWait to ThreadLocal<WebDriverWait>
The method until(ExpectedCondition<WebElement>) is undefined for the type ThreadLocal<WebDriverWait>
The method until(ExpectedCondition<Alert>) is undefined for the type ThreadLocal<WebDriverWait>

at com.test.ParameterizedDemo.WrongLogin(ParameterizedDemo.java:50)
at java.base/java.util.concurrent.ThreadPoolExecutor.runWorker(ThreadPoolExecutor.java:1090)
at java.base/java.util.concurrent.ThreadPoolExecutor$Worker.run(ThreadPoolExecutor.java:614)
at java.base/java.lang.Thread.run(Thread.java:1474)
... Removed 7 stack frames]]>
    </failure>
  </testcase> <!-- WrongLogin -->
  <testcase classname="com.test.ParameterizedDemo" name="WrongLogin" time="0.002">
    <failure type="java.lang.Error" message="Unresolved compilation problems: 
	Type mismatch: cannot convert from WebDriverWait to ThreadLocal&amp;lt;WebDriverWait&amp;gt;
	The method until(ExpectedCondition&amp;lt;WebElement&amp;gt;) is undefined for the type ThreadLocal&amp;lt;WebDriverWait&amp;gt;
	The method until(ExpectedCondition&amp;lt;Alert&amp;gt;) is undefined for the type ThreadLocal&amp;lt;WebDriverWait&amp;gt;
">
      <![CDATA[java.lang.Error: Unresolved compilation problems: 
Type mismatch: cannot convert from WebDriverWait to ThreadLocal<WebDriverWait>
The method until(ExpectedCondition<WebElement>) is undefined for the type ThreadLocal<WebDriverWait>
The method until(ExpectedCondition<Alert>) is undefined for the type ThreadLocal<WebDriverWait>

at com.test.ParameterizedDemo.WrongLogin(ParameterizedDemo.java:50)
at java.base/java.util.concurrent.ThreadPoolExecutor.runWorker(ThreadPoolExecutor.java:1090)
at java.base/java.util.concurrent.ThreadPoolExecutor$Worker.run(ThreadPoolExecutor.java:614)
at java.base/java.lang.Thread.run(Thread.java:1474)
... Removed 7 stack frames]]>
    </failure>
  </testcase> <!-- WrongLogin -->
</testsuite> <!-- Params -->
