<?xml version="1.0" encoding="UTF-8"?>
<!-- Generated by org.testng.reporters.JUnitXMLReporter -->
<testsuite ignored="0" hostname="Bat-Computer" failures="0" tests="3" name="Params" time="12.957" errors="0" timestamp="2026-04-20T16:15:46 IST">
  <testcase classname="com.test.ParameterizedDemo" name="Login" time="2.289"/>
  <testcase classname="com.test.ParameterizedDemo" name="WrongLogin" time="0.707"/>
  <testcase classname="com.test.ParameterizedDemo" name="WrongLogin" time="0.868"/>
</testsuite> <!-- Params -->
