<?xml version="1.0" encoding="UTF-8"?>
<!-- Generated by org.testng.reporters.JUnitXMLReporter -->
<testsuite ignored="0" hostname="Bat-Computer" failures="0" tests="5" name="Params" time="22.869" errors="0" timestamp="2026-04-28T12:01:54 IST">
  <testcase classname="com.test.DataDrivenTestDemo" name="Login" time="2.793"/>
  <testcase classname="com.test.DataDrivenTestDemo" name="WrongLoginUser" time="2.543"/>
  <testcase classname="com.test.DataDrivenTestDemo" name="WrongLoginUser" time="2.377"/>
  <testcase classname="com.test.DataDrivenTestDemo" name="invalidSearch" time="0.552"/>
  <testcase classname="com.test.DataDrivenTestDemo" name="validSearch" time="0.532"/>
</testsuite> <!-- Params -->
