<?xml version="1.0" encoding="UTF-8"?>
<!-- Generated by org.testng.reporters.JUnitXMLReporter -->
<testsuite ignored="0" hostname="Bat-Computer" failures="0" tests="3" name="Default test" time="15.677" errors="0" timestamp="2026-04-28T15:25:57 IST">
  <testcase classname="com.test.BaseTest" name="invalidlogin" time="1.675"/>
  <testcase classname="com.test.BaseTest" name="invalidlogincred" time="8.303"/>
  <testcase classname="com.test.BaseTest" name="loginTest" time="0.162"/>
</testsuite> <!-- Default test -->
