<?xml version="1.0" encoding="UTF-8"?>
<!-- Generated by org.testng.reporters.JUnitXMLReporter -->
<testsuite ignored="0" hostname="VIGNESHWARAN" failures="1" tests="2" name="Test" time="10.471" errors="0" timestamp="2026-06-17T22:51:17 IST">
  <testcase classname="api.tests.LoginTest" name="invalidLoginTest" time="0.0">
    <failure type="java.lang.RuntimeException" message="java.lang.NullPointerException: Cannot invoke &amp;quot;org.apache.poi.xssf.usermodel.XSSFSheet.getLastRowNum()&amp;quot; because &amp;quot;sheet&amp;quot; is null">
      <![CDATA[java.lang.RuntimeException: java.lang.NullPointerException: Cannot invoke "org.apache.poi.xssf.usermodel.XSSFSheet.getLastRowNum()" because "sheet" is null
at java.base/java.util.concurrent.Executors$RunnableAdapter.call(Executors.java:539)
at java.base/java.util.concurrent.FutureTask.run(FutureTask.java:264)
at java.base/java.util.concurrent.ThreadPoolExecutor.runWorker(ThreadPoolExecutor.java:1136)
at java.base/java.util.concurrent.ThreadPoolExecutor$Worker.run(ThreadPoolExecutor.java:635)
at java.base/java.lang.Thread.run(Thread.java:840)
Caused by: java.lang.NullPointerException: Cannot invoke "org.apache.poi.xssf.usermodel.XSSFSheet.getLastRowNum()" because "sheet" is null
at api.utilities.ExcelReader.getData(ExcelReader.java:21)
at api.dataproviders.InvalidLoginDataProvider.getData(InvalidLoginDataProvider.java:11)
... 15 more
... Removed 18 stack frames]]>
    </failure>
  </testcase> <!-- invalidLoginTest -->
  <testcase classname="api.tests.LoginTest" name="validLoginTest" time="10.323"/>
</testsuite> <!-- Test -->
