<?xml version="1.0" encoding="UTF-8"?>
<!-- Generated by org.testng.reporters.JUnitReportReporter -->
<testsuite hostname="Bat-Computer" failures="0" tests="3" name="com.runner.TestNgRunner" time="13.154" errors="0" timestamp="2026-05-05T11:12:20 IST" skipped="0">
  <testcase classname="com.runner.TestNgRunner" name="runScenario" time="3.927"/>
  <testcase classname="com.runner.TestNgRunner" name="runScenario" time="4.414"/>
  <testcase classname="com.runner.TestNgRunner" name="runScenario" time="4.813"/>
</testsuite> <!-- com.runner.TestNgRunner -->
