<?xml version="1.0" encoding="UTF-8"?>
<!-- Generated by org.testng.reporters.JUnitXMLReporter -->
<testsuite ignored="0" hostname="Bat-Computer" failures="0" tests="3" name="Test1" time="8.176" errors="0" timestamp="2026-04-17T12:30:10 IST">
  <testcase classname="com.test.NewTest" name="Login" time="0.435"/>
  <testcase classname="com.test.NewTest" name="WrongLoginPassword" time="0.424"/>
  <testcase classname="com.test.NewTest" name="WrongLoginUser" time="0.431"/>
</testsuite> <!-- Test1 -->
