<?xml version="1.0" encoding="UTF-8"?>
<testng-results ignored="4" total="7" passed="3" failed="0" skipped="0">
  <reporter-output>
  </reporter-output>
  <suite started-at="2026-06-22T16:13:07 IST" name="Default suite" finished-at="2026-06-22T16:13:17 IST" duration-ms="9879">
    <groups>
    </groups>
    <test started-at="2026-06-22T16:13:07 IST" name="Default test" finished-at="2026-06-22T16:13:17 IST" duration-ms="9879">
      <class name="api.tests.HealthCheckTest">
        <test-method signature="healthCheckTest()[pri:0, instance:api.tests.HealthCheckTest@3aa078fd]" started-at="2026-06-22T16:13:07 IST" name="healthCheckTest" finished-at="2026-06-22T16:13:10 IST" duration-ms="2816" status="PASS">
          <reporter-output>
          </reporter-output>
        </test-method> <!-- healthCheckTest -->
      </class> <!-- api.tests.HealthCheckTest -->
      <class name="api.tests.GetAllNotesTest">
        <test-method signature="getAllNodesWithNoParamsTest()[pri:0, instance:api.tests.GetAllNotesTest@5dafbe45]" started-at="2026-06-22T16:13:15 IST" name="getAllNodesWithNoParamsTest" finished-at="2026-06-22T16:13:17 IST" depends-on-methods="api.tests.LoginTest.validLoginTest" duration-ms="1731" status="PASS">
          <reporter-output>
          </reporter-output>
        </test-method> <!-- getAllNodesWithNoParamsTest -->
      </class> <!-- api.tests.GetAllNotesTest -->
      <class name="api.tests.LoginTest">
        <test-method signature="validLoginTest()[pri:0, instance:api.tests.LoginTest@2254127a]" started-at="2026-06-22T16:13:10 IST" name="validLoginTest" finished-at="2026-06-22T16:13:15 IST" depends-on-methods="api.tests.HealthCheckTest.healthCheckTest" duration-ms="5143" status="PASS">
          <reporter-output>
          </reporter-output>
        </test-method> <!-- validLoginTest -->
      </class> <!-- api.tests.LoginTest -->
    </test> <!-- Default test -->
  </suite> <!-- Default suite -->
</testng-results>
