<?xml version="1.0" encoding="UTF-8"?>
<!-- Generated by org.testng.reporters.JUnitReportReporter -->
<testsuite hostname="Bat-Computer" failures="0" tests="1" name="com.runner.TestRunner" time="0.249" errors="1" timestamp="2026-05-07T15:23:34 IST" skipped="0">
  <testcase classname="com.runner.TestRunner" name="runScenario" time="0.249">
    <error message="The step &#039;User is on Login Page &quot;https://opensource-demo.orangehrmlive.com/web/index.php/auth/login&quot;&#039; and 2 other step(s) are undefined.
You can implement these steps using the snippet(s) below:

@Given(&quot;User is on Login Page {string}&quot;)
public void user_is_on_login_page(String string) {
    // Write code here that turns the phrase above into concrete actions
    throw new io.cucumber.java.PendingException();
}
@When(&quot;User enter username and password&quot;)
public void user_enter_username_and_password() {
    // Write code here that turns the phrase above into concrete actions
    throw new io.cucumber.java.PendingException();
}
@Then(&quot;User should be able to login sucessfully and see the Dashboard&quot;)
public void user_should_be_able_to_login_sucessfully_and_see_the_dashboard() {
    // Write code here that turns the phrase above into concrete actions
    throw new io.cucumber.java.PendingException();
}
" type="io.cucumber.testng.UndefinedStepException">
      <![CDATA[io.cucumber.testng.UndefinedStepException: The step 'User is on Login Page "https://opensource-demo.orangehrmlive.com/web/index.php/auth/login"' and 2 other step(s) are undefined.
You can implement these steps using the snippet(s) below:

@Given("User is on Login Page {string}")
public void user_is_on_login_page(String string) {
    // Write code here that turns the phrase above into concrete actions
    throw new io.cucumber.java.PendingException();
}
@When("User enter username and password")
public void user_enter_username_and_password() {
    // Write code here that turns the phrase above into concrete actions
    throw new io.cucumber.java.PendingException();
}
@Then("User should be able to login sucessfully and see the Dashboard")
public void user_should_be_able_to_login_sucessfully_and_see_the_dashboard() {
    // Write code here that turns the phrase above into concrete actions
    throw new io.cucumber.java.PendingException();
}

at ✽.User is on Login Page "https://opensource-demo.orangehrmlive.com/web/index.php/auth/login"(file:///E:/Expleo/Reporting/src/test/resources/features/Login.feature:5)
]]>
    </error>
  </testcase> <!-- runScenario -->
</testsuite> <!-- com.runner.TestRunner -->
