<?xml version="1.0" encoding="UTF-8"?>
<testsuite xmlns:xsi="http://www.w3.org/2001/XMLSchema-instance" xsi:noNamespaceSchemaLocation="https://maven.apache.org/surefire/maven-surefire-plugin/xsd/surefire-test-report-3.0.xsd" version="3.0" name="TestSuite" time="32.146" tests="4" errors="0" skipped="0" failures="0">
  <properties>
[...]
</properties>
  <testcase name="verifyAdditionWorkflow" classname="mobileAutomation.CalculatorTesting" time="10.302">
    <system-out><![CDATA[Setting up device capabilities...
Appium session created and Calculator opened!
Executing math workflow: 5 + 5...
Result retrieved from device screen: 10
]]></system-out>
    <system-err><![CDATA[SLF4J: No SLF4J providers were found.
SLF4J: Defaulting to no-operation (NOP) logger implementation
SLF4J: See https://www.slf4j.org/codes.html#noProviders for further details.
]]></system-err>
  </testcase>
  <testcase name="verifyDivisionWorkflow" classname="mobileAutomation.CalculatorTesting" time="3.812">
    <system-out><![CDATA[Executing math workflow: 5 / 5...
Result retrieved from device screen: 1
]]></system-out>
  </testcase>
  <testcase name="verifyMultiplicationWorkflow" classname="mobileAutomation.CalculatorTesting" time="4.234">
    <system-out><![CDATA[Executing math workflow: 5 * 5...
Result retrieved from device screen: 25
]]></system-out>
  </testcase>
  <testcase name="verifySubtractionWorkflow" classname="mobileAutomation.CalculatorTesting" time="3.773">
    <system-out><![CDATA[Executing math workflow: 5 - 5...
Result retrieved from device screen: 0
]]></system-out>
  </testcase>
</testsuite>