<?xml version="1.0" encoding="UTF-8"?>
<testng-results ignored="0" total="4" passed="4" failed="0" skipped="0">
  <reporter-output>
  </reporter-output>
  <suite started-at="2026-06-18T14:37:01 IST" name="Suite" finished-at="2026-06-18T14:37:32 IST" duration-ms="31500">
    <groups>
    </groups>
    <test started-at="2026-06-18T14:37:01 IST" name="Test" finished-at="2026-06-18T14:37:32 IST" duration-ms="31500">
      <class name="mobileAutomation.CalculatorTesting">
        <test-method is-config="true" signature="setUp()[pri:0, instance:mobileAutomation.CalculatorTesting@7f3b84b8]" started-at="2026-06-18T14:37:01 IST" name="setUp" finished-at="2026-06-18T14:37:09 IST" duration-ms="8675" status="PASS">
          <reporter-output>
          </reporter-output>
        </test-method> <!-- setUp -->
        <test-method signature="verifyAdditionWorkflow()[pri:0, instance:mobileAutomation.CalculatorTesting@7f3b84b8]" started-at="2026-06-18T14:37:09 IST" name="verifyAdditionWorkflow" finished-at="2026-06-18T14:37:20 IST" duration-ms="10300" status="PASS">
          <reporter-output>
          </reporter-output>
        </test-method> <!-- verifyAdditionWorkflow -->
        <test-method signature="verifyDivisionWorkflow()[pri:0, instance:mobileAutomation.CalculatorTesting@7f3b84b8]" started-at="2026-06-18T14:37:20 IST" name="verifyDivisionWorkflow" finished-at="2026-06-18T14:37:23 IST" duration-ms="3798" status="PASS">
          <reporter-output>
          </reporter-output>
        </test-method> <!-- verifyDivisionWorkflow -->
        <test-method signature="verifyMultiplicationWorkflow()[pri:0, instance:mobileAutomation.CalculatorTesting@7f3b84b8]" started-at="2026-06-18T14:37:23 IST" name="verifyMultiplicationWorkflow" finished-at="2026-06-18T14:37:28 IST" duration-ms="4236" status="PASS">
          <reporter-output>
          </reporter-output>
        </test-method> <!-- verifyMultiplicationWorkflow -->
        <test-method signature="verifySubtractionWorkflow()[pri:0, instance:mobileAutomation.CalculatorTesting@7f3b84b8]" started-at="2026-06-18T14:37:28 IST" name="verifySubtractionWorkflow" finished-at="2026-06-18T14:37:31 IST" duration-ms="3773" status="PASS">
          <reporter-output>
          </reporter-output>
        </test-method> <!-- verifySubtractionWorkflow -->
        <test-method is-config="true" signature="tearDown()[pri:0, instance:mobileAutomation.CalculatorTesting@7f3b84b8]" started-at="2026-06-18T14:37:31 IST" name="tearDown" finished-at="2026-06-18T14:37:32 IST" duration-ms="675" status="PASS">
          <reporter-output>
          </reporter-output>
        </test-method> <!-- tearDown -->
      </class> <!-- mobileAutomation.CalculatorTesting -->
    </test> <!-- Test -->
  </suite> <!-- Suite -->
</testng-results>
