<?xml version="1.0" encoding="UTF-8"?>
<!-- Generated by org.testng.reporters.JUnitXMLReporter -->
<testsuite ignored="3" hostname="Bat-Computer" failures="1" tests="1" name="Default test(failed)" time="3.471" errors="0" timestamp="2026-04-22T14:24:15 IST">
  <testcase classname="com.test.DataDrivenTestDemo" name="WrongLoginUser" time="1.123">
    <failure type="java.lang.AssertionError" message="expected [Your account has exceeded allowed number of login attempts. Please try again in 1 hour.] but found [Warning: Your account has exceeded allowed number of login attempts. Please try again in 1 hour.]">
      <![CDATA[java.lang.AssertionError: expected [Your account has exceeded allowed number of login attempts. Please try again in 1 hour.] but found [Warning: Your account has exceeded allowed number of login attempts. Please try again in 1 hour.]
at com.test.DataDrivenTestDemo.WrongLoginUser(DataDrivenTestDemo.java:66)
at java.base/java.util.ArrayList.forEach(ArrayList.java:1604)
... Removed 31 stack frames]]>
    </failure>
  </testcase> <!-- WrongLoginUser -->
  <testcase classname="com.test.DataDrivenTestDemo" name="validSearch" time="0.0">
    <ignored/>
  </testcase> <!-- validSearch -->
  <testcase classname="com.test.DataDrivenTestDemo" name="invalidSearch" time="0.0">
    <ignored/>
  </testcase> <!-- invalidSearch -->
  <testcase classname="com.test.DataDrivenTestDemo" name="Login" time="0.0">
    <ignored/>
  </testcase> <!-- Login -->
</testsuite> <!-- Default test(failed) -->
