<?xml version="1.0" encoding="UTF-8"?>
<!-- Generated by org.testng.reporters.JUnitXMLReporter -->
<testsuite ignored="4" hostname="VIGNESHWARAN" failures="0" tests="3" name="Default test" time="9.879" errors="0" timestamp="2026-06-22T16:13:17 IST">
  <testcase classname="api.tests.HealthCheckTest" name="healthCheckTest" time="2.816"/>
  <testcase classname="api.tests.LoginTest" name="validLoginTest" time="5.143"/>
  <testcase classname="api.tests.GetAllNotesTest" name="getAllNodesWithNoParamsTest" time="1.731"/>
  <testcase classname="api.tests.GetAllNotesTest" name="getAllNodesWithValidParamsTest" time="0.0">
    <ignored/>
  </testcase> <!-- getAllNodesWithValidParamsTest -->
  <testcase classname="api.tests.LoginTest" name="invalidLoginTest" time="0.0">
    <ignored/>
  </testcase> <!-- invalidLoginTest -->
  <testcase classname="api.tests.GetAllNotesTest" name="getAllNodesWithoutToken" time="0.0">
    <ignored/>
  </testcase> <!-- getAllNodesWithoutToken -->
  <testcase classname="api.tests.GetAllNotesTest" name="getAllNodesWithInvalidParamsTest" time="0.0">
    <ignored/>
  </testcase> <!-- getAllNodesWithInvalidParamsTest -->
</testsuite> <!-- Default test -->
