<?xml version="1.0" encoding="UTF-8"?>
<testng-results ignored="0" total="3" passed="3" failed="0" skipped="0">
  <reporter-output>
  </reporter-output>
  <suite started-at="2026-04-28T15:25:42 IST" name="Default suite" finished-at="2026-04-28T15:25:57 IST" duration-ms="15677">
    <groups>
    </groups>
    <test started-at="2026-04-28T15:25:42 IST" name="Default test" finished-at="2026-04-28T15:25:57 IST" duration-ms="15677">
      <class name="com.test.BaseTest">
        <test-method is-config="true" signature="setup()[pri:0, instance:com.test.BaseTest@61862a7f]" started-at="2026-04-28T15:25:42 IST" name="setup" finished-at="2026-04-28T15:25:47 IST" duration-ms="5267" status="PASS">
          <reporter-output>
          </reporter-output>
        </test-method> <!-- setup -->
        <test-method signature="invalidlogin()[pri:0, instance:com.test.BaseTest@61862a7f]" started-at="2026-04-28T15:25:47 IST" name="invalidlogin" finished-at="2026-04-28T15:25:49 IST" duration-ms="1675" status="PASS">
          <reporter-output>
          </reporter-output>
        </test-method> <!-- invalidlogin -->
        <test-method signature="invalidlogincred()[pri:0, instance:com.test.BaseTest@61862a7f]" started-at="2026-04-28T15:25:49 IST" name="invalidlogincred" finished-at="2026-04-28T15:25:57 IST" duration-ms="8303" status="PASS">
          <reporter-output>
          </reporter-output>
        </test-method> <!-- invalidlogincred -->
        <test-method signature="loginTest()[pri:1, instance:com.test.BaseTest@61862a7f]" started-at="2026-04-28T15:25:57 IST" name="loginTest" finished-at="2026-04-28T15:25:57 IST" duration-ms="162" status="PASS">
          <reporter-output>
          </reporter-output>
        </test-method> <!-- loginTest -->
        <test-method is-config="true" signature="close()[pri:0, instance:com.test.BaseTest@61862a7f]" started-at="2026-04-28T15:25:57 IST" name="close" finished-at="2026-04-28T15:25:57 IST" duration-ms="204" status="PASS">
          <reporter-output>
          </reporter-output>
        </test-method> <!-- close -->
      </class> <!-- com.test.BaseTest -->
    </test> <!-- Default test -->
  </suite> <!-- Default suite -->
</testng-results>
